Added Component: Designator=M1(Header6)
Added Component: Designator=M2(Header6)
Added Component: Designator=M3(Header6)
Added Component: Designator=M4(Header6)
Added Component: Designator=M5(Header6)
Added Component: Designator=M6(HDR1X10)
Added Component: Designator=M7(HDR1X10)
Added Component: Designator=M8(HDR1X10)
Added Component: Designator=P1(HDR1X6)
Added Component: Designator=P2(HDR1X6)
Added Component: Designator=P3(HDR1X6)
Added Pin To Net: NetName=GND Pin=M5-6
Added Pin To Net: NetName=GND Pin=P3-1
Added Pin To Net: NetName=GND Pin=P3-2
Added Pin To Net: NetName=GND Pin=P3-3
Added Pin To Net: NetName=GND Pin=P3-4
Added Pin To Net: NetName=GND Pin=P3-5
Added Pin To Net: NetName=GND Pin=P3-6
Added Net: Name=GND
Added Pin To Net: NetName=M1_EN1 Pin=M1-5
Added Pin To Net: NetName=M1_EN1 Pin=M6-5
Added Net: Name=M1_EN1
Added Pin To Net: NetName=M1_EN2 Pin=M2-4
Added Pin To Net: NetName=M1_EN2 Pin=M6-10
Added Net: Name=M1_EN2
Added Pin To Net: NetName=M1_IN1 Pin=M1-6
Added Pin To Net: NetName=M1_IN1 Pin=M6-6
Added Net: Name=M1_IN1
Added Pin To Net: NetName=M1_IN2 Pin=M2-1
Added Pin To Net: NetName=M1_IN2 Pin=M6-7
Added Net: Name=M1_IN2
Added Pin To Net: NetName=M1_IN3 Pin=M2-2
Added Pin To Net: NetName=M1_IN3 Pin=M6-8
Added Net: Name=M1_IN3
Added Pin To Net: NetName=M1_IN4 Pin=M2-3
Added Pin To Net: NetName=M1_IN4 Pin=M6-9
Added Net: Name=M1_IN4
Added Pin To Net: NetName=M1_OUT1+ Pin=M1-1
Added Pin To Net: NetName=M1_OUT1+ Pin=M6-1
Added Net: Name=M1_OUT1+
Added Pin To Net: NetName=M1_OUT1- Pin=M1-2
Added Pin To Net: NetName=M1_OUT1- Pin=M6-2
Added Net: Name=M1_OUT1-
Added Pin To Net: NetName=M1_OUT2+ Pin=M1-3
Added Pin To Net: NetName=M1_OUT2+ Pin=M6-3
Added Net: Name=M1_OUT2+
Added Pin To Net: NetName=M1_OUT2- Pin=M1-4
Added Pin To Net: NetName=M1_OUT2- Pin=M6-4
Added Net: Name=M1_OUT2-
Added Pin To Net: NetName=M2_EN1 Pin=M3-3
Added Pin To Net: NetName=M2_EN1 Pin=M7-5
Added Pin To Net: NetName=M2_EN1 Pin=M7-10
Added Net: Name=M2_EN1
Added Pin To Net: NetName=M2_IN1 Pin=M3-4
Added Pin To Net: NetName=M2_IN1 Pin=M7-6
Added Pin To Net: NetName=M2_IN1 Pin=M7-8
Added Net: Name=M2_IN1
Added Pin To Net: NetName=M2_IN2 Pin=M3-5
Added Pin To Net: NetName=M2_IN2 Pin=M7-7
Added Pin To Net: NetName=M2_IN2 Pin=M7-9
Added Net: Name=M2_IN2
Added Pin To Net: NetName=M2_OUT1+ Pin=M2-5
Added Pin To Net: NetName=M2_OUT1+ Pin=M7-1
Added Net: Name=M2_OUT1+
Added Pin To Net: NetName=M2_OUT1- Pin=M2-6
Added Pin To Net: NetName=M2_OUT1- Pin=M7-2
Added Net: Name=M2_OUT1-
Added Pin To Net: NetName=M2_OUT2+ Pin=M3-1
Added Pin To Net: NetName=M2_OUT2+ Pin=M7-3
Added Net: Name=M2_OUT2+
Added Pin To Net: NetName=M2_OUT2- Pin=M3-2
Added Pin To Net: NetName=M2_OUT2- Pin=M7-4
Added Net: Name=M2_OUT2-
Added Pin To Net: NetName=M3_EN1 Pin=M4-4
Added Pin To Net: NetName=M3_EN1 Pin=M8-5
Added Net: Name=M3_EN1
Added Pin To Net: NetName=M3_EN2 Pin=M5-3
Added Pin To Net: NetName=M3_EN2 Pin=M8-10
Added Net: Name=M3_EN2
Added Pin To Net: NetName=M3_IN1 Pin=M4-5
Added Pin To Net: NetName=M3_IN1 Pin=M8-6
Added Net: Name=M3_IN1
Added Pin To Net: NetName=M3_IN2 Pin=M4-6
Added Pin To Net: NetName=M3_IN2 Pin=M8-7
Added Net: Name=M3_IN2
Added Pin To Net: NetName=M3_IN3 Pin=M5-1
Added Pin To Net: NetName=M3_IN3 Pin=M8-8
Added Net: Name=M3_IN3
Added Pin To Net: NetName=M3_IN4 Pin=M5-2
Added Pin To Net: NetName=M3_IN4 Pin=M8-9
Added Net: Name=M3_IN4
Added Pin To Net: NetName=M3_OUT1+ Pin=M3-6
Added Pin To Net: NetName=M3_OUT1+ Pin=M8-1
Added Net: Name=M3_OUT1+
Added Pin To Net: NetName=M3_OUT1- Pin=M4-1
Added Pin To Net: NetName=M3_OUT1- Pin=M8-2
Added Net: Name=M3_OUT1-
Added Pin To Net: NetName=M3_OUT2+ Pin=M4-2
Added Pin To Net: NetName=M3_OUT2+ Pin=M8-3
Added Net: Name=M3_OUT2+
Added Pin To Net: NetName=M3_OUT2- Pin=M4-3
Added Pin To Net: NetName=M3_OUT2- Pin=M8-4
Added Net: Name=M3_OUT2-
Added Pin To Net: NetName=VCC5 Pin=M5-5
Added Pin To Net: NetName=VCC5 Pin=P2-1
Added Pin To Net: NetName=VCC5 Pin=P2-2
Added Pin To Net: NetName=VCC5 Pin=P2-3
Added Pin To Net: NetName=VCC5 Pin=P2-4
Added Pin To Net: NetName=VCC5 Pin=P2-5
Added Pin To Net: NetName=VCC5 Pin=P2-6
Added Net: Name=VCC5
Added Pin To Net: NetName=VCC12 Pin=M5-4
Added Pin To Net: NetName=VCC12 Pin=P1-1
Added Pin To Net: NetName=VCC12 Pin=P1-2
Added Pin To Net: NetName=VCC12 Pin=P1-3
Added Pin To Net: NetName=VCC12 Pin=P1-4
Added Pin To Net: NetName=VCC12 Pin=P1-5
Added Pin To Net: NetName=VCC12 Pin=P1-6
Added Net: Name=VCC12
Added Class: Name=Sheet1
Added Room: Name=Sheet1
